2024-09-25 09:27:10,082 [Worker-6: Loading available Gradle versions] INFO  o.e.b.c.i.u.g.PublishedGradleVersions - Gradle version information cache is up-to-date. Trying to read.
2024-09-25 09:28:26,190 [Worker-5: Import Getting Started Content] INFO  o.e.m.c.i.l.LifecycleMappingFactory - Using org.eclipse.m2e.jdt.JarLifecycleMapping lifecycle mapping for MavenProject: com.example:Cursos:0.0.1-SNAPSHOT @ C:\Users\marti\OneDrive\Escritorio\ejercicios\Cursos\pom.xml.
2024-09-25 09:28:28,202 [Worker-5: Import Getting Started Content] INFO  o.e.m.j.i.AbstractJavaProjectConfigurator - Adding source folder /Cursos/src/main/java
2024-09-25 09:28:28,207 [Worker-5: Import Getting Started Content] INFO  o.e.m.j.i.AbstractJavaProjectConfigurator - Adding resource folder /Cursos/src/main/resources
2024-09-25 09:28:28,219 [Worker-5: Import Getting Started Content] INFO  o.e.m.j.i.AbstractJavaProjectConfigurator - Adding resource folder /Cursos/src/main/resources
2024-09-25 09:28:28,228 [Worker-5: Import Getting Started Content] INFO  o.e.m.j.i.AbstractJavaProjectConfigurator - Adding source folder /Cursos/src/test/java
2024-09-25 09:28:28,232 [Worker-5: Import Getting Started Content] INFO  o.e.m.j.i.AbstractJavaProjectConfigurator - Adding resource folder /Cursos/src/test/resources
2024-09-25 09:28:29,777 [Worker-5: Import Getting Started Content] INFO  o.e.m.c.i.p.ProjectConfigurationManager - Imported and configured 1 project(s) in 7 sec
2024-09-25 09:28:29,793 [Worker-5: Import Getting Started Content] INFO  o.e.m.c.i.p.ProjectConfigurationManager - Update started
2024-09-25 09:28:30,819 [Worker-5: Import Getting Started Content] INFO  o.e.m.c.i.l.LifecycleMappingFactory - Using org.eclipse.m2e.jdt.JarLifecycleMapping lifecycle mapping for MavenProject: com.example:Cursos:0.0.1-SNAPSHOT @ C:\Users\marti\OneDrive\Escritorio\ejercicios\Cursos\pom.xml.
2024-09-25 09:28:32,589 [Worker-5: Import Getting Started Content] INFO  o.e.m.j.i.AbstractJavaProjectConfigurator - Adding source folder /Cursos/src/main/java
2024-09-25 09:28:32,591 [Worker-5: Import Getting Started Content] INFO  o.e.m.j.i.AbstractJavaProjectConfigurator - Adding resource folder /Cursos/src/main/resources
2024-09-25 09:28:32,594 [Worker-5: Import Getting Started Content] INFO  o.e.m.j.i.AbstractJavaProjectConfigurator - Adding resource folder /Cursos/src/main/resources
2024-09-25 09:28:32,595 [Worker-5: Import Getting Started Content] INFO  o.e.m.j.i.AbstractJavaProjectConfigurator - Adding source folder /Cursos/src/test/java
2024-09-25 09:28:32,597 [Worker-5: Import Getting Started Content] INFO  o.e.m.j.i.AbstractJavaProjectConfigurator - Adding resource folder /Cursos/src/test/resources
2024-09-25 09:28:34,079 [Worker-5: Import Getting Started Content] INFO  o.e.m.c.i.p.ProjectConfigurationManager - Update completed for 1 poms: local refresh takes 0,00 sec, refresh facades takes 2,00 sec, update config takes 0,00 sec 
2024-09-25 09:28:34,235 [Worker-26: Updating Maven Project] INFO  o.e.m.c.i.p.ProjectConfigurationManager - Update started
2024-09-25 09:28:35,378 [Worker-26: Updating Maven Project] INFO  o.e.m.c.i.l.LifecycleMappingFactory - Using org.eclipse.m2e.jdt.JarLifecycleMapping lifecycle mapping for MavenProject: com.example:Cursos:0.0.1-SNAPSHOT @ C:\Users\marti\OneDrive\Escritorio\ejercicios\Cursos\pom.xml.
2024-09-25 09:28:37,177 [Worker-26: Updating Maven Project] INFO  o.e.m.j.i.AbstractJavaProjectConfigurator - Adding source folder /Cursos/src/main/java
2024-09-25 09:28:37,177 [Worker-26: Updating Maven Project] INFO  o.e.m.j.i.AbstractJavaProjectConfigurator - Adding resource folder /Cursos/src/main/resources
2024-09-25 09:28:37,186 [Worker-26: Updating Maven Project] INFO  o.e.m.j.i.AbstractJavaProjectConfigurator - Adding resource folder /Cursos/src/main/resources
2024-09-25 09:28:37,186 [Worker-26: Updating Maven Project] INFO  o.e.m.j.i.AbstractJavaProjectConfigurator - Adding source folder /Cursos/src/test/java
2024-09-25 09:28:37,186 [Worker-26: Updating Maven Project] INFO  o.e.m.j.i.AbstractJavaProjectConfigurator - Adding resource folder /Cursos/src/test/resources
2024-09-25 09:28:38,282 [Worker-26: Updating Maven Project] INFO  o.e.m.c.i.p.ProjectConfigurationManager - Update completed for 1 poms: local refresh takes 0,00 sec, refresh facades takes 2,00 sec, update config takes 1,00 sec 
2024-09-25 09:28:39,629 [Worker-3: Building] INFO  o.a.m.s.f.DefaultMavenResourcesFiltering - Copying 1 resource from src\main\resources to target\classes
2024-09-25 09:28:39,694 [Worker-3: Building] INFO  o.a.m.s.f.DefaultMavenResourcesFiltering - Copying 0 resource from src\main\resources to target\classes
2024-09-25 09:28:39,708 [Worker-3: Building] INFO  o.a.m.s.f.DefaultMavenResourcesFiltering - skip non existing resourceDirectory C:\Users\marti\OneDrive\Escritorio\ejercicios\Cursos\src\test\resources
2024-09-25 10:06:04,131 [Worker-36: Building] INFO  o.a.m.s.f.DefaultMavenResourcesFiltering - Copying 1 resource from src\main\resources to target\classes
2024-09-25 10:06:04,139 [Worker-36: Building] INFO  o.a.m.s.f.DefaultMavenResourcesFiltering - Copying 0 resource from src\main\resources to target\classes
2024-09-25 10:06:04,148 [Worker-36: Building] INFO  o.a.m.s.f.DefaultMavenResourcesFiltering - skip non existing resourceDirectory C:\Users\marti\OneDrive\Escritorio\ejercicios\Cursos\src\test\resources
2024-09-25 10:13:30,936 [Worker-40: Building] INFO  o.a.m.s.f.DefaultMavenResourcesFiltering - Copying 1 resource from src\main\resources to target\classes
2024-09-25 10:13:30,953 [Worker-40: Building] INFO  o.a.m.s.f.DefaultMavenResourcesFiltering - Copying 0 resource from src\main\resources to target\classes
2024-09-25 10:13:30,959 [Worker-40: Building] INFO  o.a.m.s.f.DefaultMavenResourcesFiltering - skip non existing resourceDirectory C:\Users\marti\OneDrive\Escritorio\ejercicios\Cursos\src\test\resources
2024-09-25 10:21:36,787 [Worker-37: Building] INFO  o.a.m.s.f.DefaultMavenResourcesFiltering - Copying 1 resource from src\main\resources to target\classes
2024-09-25 10:21:36,800 [Worker-37: Building] INFO  o.a.m.s.f.DefaultMavenResourcesFiltering - Copying 0 resource from src\main\resources to target\classes
2024-09-25 10:21:36,808 [Worker-37: Building] INFO  o.a.m.s.f.DefaultMavenResourcesFiltering - skip non existing resourceDirectory C:\Users\marti\OneDrive\Escritorio\ejercicios\Cursos\src\test\resources
2024-09-25 10:23:49,794 [Worker-43: Building] INFO  o.a.m.s.f.DefaultMavenResourcesFiltering - Copying 1 resource from src\main\resources to target\classes
2024-09-25 10:23:49,802 [Worker-43: Building] INFO  o.a.m.s.f.DefaultMavenResourcesFiltering - Copying 0 resource from src\main\resources to target\classes
2024-09-25 10:23:49,809 [Worker-43: Building] INFO  o.a.m.s.f.DefaultMavenResourcesFiltering - skip non existing resourceDirectory C:\Users\marti\OneDrive\Escritorio\ejercicios\Cursos\src\test\resources
2024-09-25 10:29:17,435 [Worker-44: Building] INFO  o.a.m.s.f.DefaultMavenResourcesFiltering - Copying 1 resource from src\main\resources to target\classes
2024-09-25 10:29:17,453 [Worker-44: Building] INFO  o.a.m.s.f.DefaultMavenResourcesFiltering - Copying 0 resource from src\main\resources to target\classes
2024-09-25 10:29:17,458 [Worker-44: Building] INFO  o.a.m.s.f.DefaultMavenResourcesFiltering - skip non existing resourceDirectory C:\Users\marti\OneDrive\Escritorio\ejercicios\Cursos\src\test\resources
2024-09-25 10:51:34,192 [Worker-45: Building] INFO  o.a.m.s.f.DefaultMavenResourcesFiltering - Copying 1 resource from src\main\resources to target\classes
2024-09-25 10:51:34,203 [Worker-45: Building] INFO  o.a.m.s.f.DefaultMavenResourcesFiltering - Copying 0 resource from src\main\resources to target\classes
2024-09-25 10:51:34,212 [Worker-45: Building] INFO  o.a.m.s.f.DefaultMavenResourcesFiltering - skip non existing resourceDirectory C:\Users\marti\OneDrive\Escritorio\ejercicios\Cursos\src\test\resources
2024-09-25 10:51:39,720 [Worker-49: Building] INFO  o.a.m.s.f.DefaultMavenResourcesFiltering - Copying 1 resource from src\main\resources to target\classes
2024-09-25 10:51:39,730 [Worker-49: Building] INFO  o.a.m.s.f.DefaultMavenResourcesFiltering - Copying 0 resource from src\main\resources to target\classes
2024-09-25 10:51:39,739 [Worker-49: Building] INFO  o.a.m.s.f.DefaultMavenResourcesFiltering - skip non existing resourceDirectory C:\Users\marti\OneDrive\Escritorio\ejercicios\Cursos\src\test\resources
2024-09-25 10:52:38,627 [Worker-7: Loading available Gradle versions] INFO  o.e.b.c.i.u.g.PublishedGradleVersions - Gradle version information cache is up-to-date. Trying to read.
2024-09-25 13:24:42,862 [Worker-43: Building] INFO  o.a.m.s.f.DefaultMavenResourcesFiltering - Copying 1 resource from src\main\resources to target\classes
2024-09-25 13:24:42,887 [Worker-43: Building] INFO  o.a.m.s.f.DefaultMavenResourcesFiltering - Copying 0 resource from src\main\resources to target\classes
2024-09-25 13:24:42,898 [Worker-43: Building] INFO  o.a.m.s.f.DefaultMavenResourcesFiltering - skip non existing resourceDirectory C:\Users\marti\OneDrive\Escritorio\ejercicios\Cursos\src\test\resources
2024-09-25 13:25:21,605 [Worker-40: Building] INFO  o.a.m.s.f.DefaultMavenResourcesFiltering - Copying 1 resource from src\main\resources to target\classes
2024-09-25 13:25:21,616 [Worker-40: Building] INFO  o.a.m.s.f.DefaultMavenResourcesFiltering - Copying 0 resource from src\main\resources to target\classes
2024-09-25 13:25:21,627 [Worker-40: Building] INFO  o.a.m.s.f.DefaultMavenResourcesFiltering - skip non existing resourceDirectory C:\Users\marti\OneDrive\Escritorio\ejercicios\Cursos\src\test\resources
2024-09-25 13:26:18,304 [Worker-42: Building] INFO  o.a.m.s.f.DefaultMavenResourcesFiltering - Copying 1 resource from src\main\resources to target\classes
2024-09-25 13:26:18,312 [Worker-42: Building] INFO  o.a.m.s.f.DefaultMavenResourcesFiltering - Copying 0 resource from src\main\resources to target\classes
2024-09-25 13:26:18,322 [Worker-42: Building] INFO  o.a.m.s.f.DefaultMavenResourcesFiltering - skip non existing resourceDirectory C:\Users\marti\OneDrive\Escritorio\ejercicios\Cursos\src\test\resources
2024-09-25 13:27:05,199 [Worker-44: Building] INFO  o.a.m.s.f.DefaultMavenResourcesFiltering - Copying 1 resource from src\main\resources to target\classes
2024-09-25 13:27:05,206 [Worker-44: Building] INFO  o.a.m.s.f.DefaultMavenResourcesFiltering - Copying 0 resource from src\main\resources to target\classes
2024-09-25 13:27:05,215 [Worker-44: Building] INFO  o.a.m.s.f.DefaultMavenResourcesFiltering - skip non existing resourceDirectory C:\Users\marti\OneDrive\Escritorio\ejercicios\Cursos\src\test\resources
2024-09-25 13:27:57,295 [Worker-43: Building] INFO  o.a.m.s.f.DefaultMavenResourcesFiltering - Copying 1 resource from src\main\resources to target\classes
2024-09-25 13:27:57,298 [Worker-43: Building] INFO  o.a.m.s.f.DefaultMavenResourcesFiltering - Copying 0 resource from src\main\resources to target\classes
2024-09-25 13:27:57,303 [Worker-43: Building] INFO  o.a.m.s.f.DefaultMavenResourcesFiltering - skip non existing resourceDirectory C:\Users\marti\OneDrive\Escritorio\ejercicios\Cursos\src\test\resources
2024-09-25 13:29:21,342 [Worker-43: Building] INFO  o.a.m.s.f.DefaultMavenResourcesFiltering - Copying 1 resource from src\main\resources to target\classes
2024-09-25 13:29:21,357 [Worker-43: Building] INFO  o.a.m.s.f.DefaultMavenResourcesFiltering - Copying 0 resource from src\main\resources to target\classes
2024-09-25 13:29:21,363 [Worker-43: Building] INFO  o.a.m.s.f.DefaultMavenResourcesFiltering - skip non existing resourceDirectory C:\Users\marti\OneDrive\Escritorio\ejercicios\Cursos\src\test\resources
2024-09-25 13:29:26,723 [Worker-38: Building] INFO  o.a.m.s.f.DefaultMavenResourcesFiltering - Copying 1 resource from src\main\resources to target\classes
2024-09-25 13:29:26,729 [Worker-38: Building] INFO  o.a.m.s.f.DefaultMavenResourcesFiltering - Copying 0 resource from src\main\resources to target\classes
2024-09-25 13:29:26,739 [Worker-38: Building] INFO  o.a.m.s.f.DefaultMavenResourcesFiltering - skip non existing resourceDirectory C:\Users\marti\OneDrive\Escritorio\ejercicios\Cursos\src\test\resources
2024-09-25 13:30:27,188 [Worker-7: Loading available Gradle versions] INFO  o.e.b.c.i.u.g.PublishedGradleVersions - Gradle version information cache is up-to-date. Trying to read.
2024-09-25 13:35:30,480 [Worker-32: Building] INFO  o.a.m.s.f.DefaultMavenResourcesFiltering - Copying 1 resource from src\main\resources to target\classes
2024-09-25 13:35:30,513 [Worker-32: Building] INFO  o.a.m.s.f.DefaultMavenResourcesFiltering - Copying 0 resource from src\main\resources to target\classes
2024-09-25 13:35:30,530 [Worker-32: Building] INFO  o.a.m.s.f.DefaultMavenResourcesFiltering - skip non existing resourceDirectory C:\Users\marti\OneDrive\Escritorio\ejercicios\Cursos\src\test\resources
2024-09-25 13:35:57,685 [Worker-5: Loading available Gradle versions] INFO  o.e.b.c.i.u.g.PublishedGradleVersions - Gradle version information cache is up-to-date. Trying to read.
2024-09-25 14:44:09,108 [Worker-7: Loading available Gradle versions] INFO  o.e.b.c.i.u.g.PublishedGradleVersions - Gradle version information cache is up-to-date. Trying to read.
2024-09-25 14:45:59,602 [Worker-3: Building] INFO  o.a.m.s.f.DefaultMavenResourcesFiltering - Copying 1 resource from src\main\resources to target\classes
2024-09-25 14:45:59,629 [Worker-3: Building] INFO  o.a.m.s.f.DefaultMavenResourcesFiltering - Copying 0 resource from src\main\resources to target\classes
2024-09-25 14:45:59,635 [Worker-3: Building] INFO  o.a.m.s.f.DefaultMavenResourcesFiltering - skip non existing resourceDirectory C:\Users\marti\OneDrive\Escritorio\ejercicios\Cursos\src\test\resources
2024-09-25 15:10:39,240 [Worker-40: Updating Maven Dependencies] INFO  o.e.m.c.i.l.LifecycleMappingFactory - Using org.eclipse.m2e.jdt.JarLifecycleMapping lifecycle mapping for MavenProject: com.example:01_crud_curso:0.0.1-SNAPSHOT @ C:\Users\marti\OneDrive\Escritorio\SprintBootCurso\01_crud_curso\pom.xml.
2024-09-25 15:10:39,696 [Worker-35: Building] INFO  o.e.m.c.i.l.LifecycleMappingFactory - Using org.eclipse.m2e.jdt.JarLifecycleMapping lifecycle mapping for MavenProject: com.example:01_crud_curso:0.0.1-SNAPSHOT @ C:\Users\marti\OneDrive\Escritorio\SprintBootCurso\01_crud_curso\pom.xml.
2024-09-25 15:10:41,256 [Worker-35: Building] INFO  o.a.m.s.f.DefaultMavenResourcesFiltering - Copying 1 resource from src\main\resources to target\classes
2024-09-25 15:10:41,284 [Worker-35: Building] INFO  o.a.m.s.f.DefaultMavenResourcesFiltering - Copying 0 resource from src\main\resources to target\classes
2024-09-25 15:10:41,293 [Worker-35: Building] INFO  o.a.m.s.f.DefaultMavenResourcesFiltering - skip non existing resourceDirectory C:\Users\marti\OneDrive\Escritorio\SprintBootCurso\01_crud_curso\src\test\resources
2024-09-25 15:10:41,820 [Worker-33: Building] INFO  o.a.m.s.f.DefaultMavenResourcesFiltering - Copying 1 resource from src\main\resources to target\classes
2024-09-25 15:10:41,823 [Worker-33: Building] INFO  o.a.m.s.f.DefaultMavenResourcesFiltering - Copying 0 resource from src\main\resources to target\classes
2024-09-25 15:10:41,830 [Worker-33: Building] INFO  o.a.m.s.f.DefaultMavenResourcesFiltering - skip non existing resourceDirectory C:\Users\marti\OneDrive\Escritorio\SprintBootCurso\01_crud_curso\src\test\resources
2024-09-25 15:10:42,712 [Worker-33: Building] INFO  o.e.m.c.i.l.LifecycleMappingFactory - Using org.eclipse.m2e.jdt.JarLifecycleMapping lifecycle mapping for MavenProject: com.example:01_crud_cursos:0.0.1-SNAPSHOT @ C:\Users\marti\OneDrive\Escritorio\SprintBootCurso\01_crud_cursos\pom.xml.
2024-09-25 15:10:43,945 [Worker-33: Building] INFO  o.a.m.s.f.DefaultMavenResourcesFiltering - Copying 1 resource from src\main\resources to target\classes
2024-09-25 15:10:43,970 [Worker-33: Building] INFO  o.a.m.s.f.DefaultMavenResourcesFiltering - Copying 0 resource from src\main\resources to target\classes
2024-09-25 15:10:43,979 [Worker-33: Building] INFO  o.a.m.s.f.DefaultMavenResourcesFiltering - skip non existing resourceDirectory C:\Users\marti\OneDrive\Escritorio\SprintBootCurso\01_crud_cursos\src\test\resources
2024-09-25 15:10:44,386 [Worker-32: Building] INFO  o.a.m.s.f.DefaultMavenResourcesFiltering - Copying 1 resource from src\main\resources to target\classes
2024-09-25 15:10:44,390 [Worker-32: Building] INFO  o.a.m.s.f.DefaultMavenResourcesFiltering - Copying 0 resource from src\main\resources to target\classes
2024-09-25 15:10:44,397 [Worker-32: Building] INFO  o.a.m.s.f.DefaultMavenResourcesFiltering - skip non existing resourceDirectory C:\Users\marti\OneDrive\Escritorio\SprintBootCurso\01_crud_cursos\src\test\resources
2024-09-25 15:10:45,330 [Worker-32: Building] INFO  o.e.m.c.i.l.LifecycleMappingFactory - Using org.eclipse.m2e.jdt.JarLifecycleMapping lifecycle mapping for MavenProject: com.example:01_servicio_saludo:0.0.1-SNAPSHOT @ C:\Users\marti\OneDrive\Escritorio\SprintBootCurso\01_servicio_saludo\pom.xml.
2024-09-25 15:10:46,291 [Worker-32: Building] INFO  o.a.m.s.f.DefaultMavenResourcesFiltering - Copying 1 resource from src\main\resources to target\classes
2024-09-25 15:10:46,313 [Worker-32: Building] INFO  o.a.m.s.f.DefaultMavenResourcesFiltering - Copying 0 resource from src\main\resources to target\classes
2024-09-25 15:10:46,320 [Worker-32: Building] INFO  o.a.m.s.f.DefaultMavenResourcesFiltering - skip non existing resourceDirectory C:\Users\marti\OneDrive\Escritorio\SprintBootCurso\01_servicio_saludo\src\test\resources
2024-09-25 15:10:46,730 [Worker-41: Building] INFO  o.a.m.s.f.DefaultMavenResourcesFiltering - Copying 1 resource from src\main\resources to target\classes
2024-09-25 15:10:46,733 [Worker-41: Building] INFO  o.a.m.s.f.DefaultMavenResourcesFiltering - Copying 0 resource from src\main\resources to target\classes
2024-09-25 15:10:46,740 [Worker-41: Building] INFO  o.a.m.s.f.DefaultMavenResourcesFiltering - skip non existing resourceDirectory C:\Users\marti\OneDrive\Escritorio\SprintBootCurso\01_servicio_saludo\src\test\resources
2024-09-25 15:10:47,534 [Worker-41: Building] INFO  o.e.m.c.i.l.LifecycleMappingFactory - Using org.eclipse.m2e.jdt.JarLifecycleMapping lifecycle mapping for MavenProject: com.example:02_crud_libros:0.0.1-SNAPSHOT @ C:\Users\marti\OneDrive\Escritorio\SprintBootCurso\02_crud_libros\pom.xml.
2024-09-25 15:10:48,377 [Worker-41: Building] INFO  o.a.m.s.f.DefaultMavenResourcesFiltering - Copying 1 resource from src\main\resources to target\classes
2024-09-25 15:10:48,401 [Worker-41: Building] INFO  o.a.m.s.f.DefaultMavenResourcesFiltering - Copying 0 resource from src\main\resources to target\classes
2024-09-25 15:10:48,408 [Worker-41: Building] INFO  o.a.m.s.f.DefaultMavenResourcesFiltering - skip non existing resourceDirectory C:\Users\marti\OneDrive\Escritorio\SprintBootCurso\02_crud_libros\src\test\resources
2024-09-25 15:10:48,747 [Worker-35: Building] INFO  o.a.m.s.f.DefaultMavenResourcesFiltering - Copying 1 resource from src\main\resources to target\classes
2024-09-25 15:10:48,750 [Worker-35: Building] INFO  o.a.m.s.f.DefaultMavenResourcesFiltering - Copying 0 resource from src\main\resources to target\classes
2024-09-25 15:10:48,756 [Worker-35: Building] INFO  o.a.m.s.f.DefaultMavenResourcesFiltering - skip non existing resourceDirectory C:\Users\marti\OneDrive\Escritorio\SprintBootCurso\02_crud_libros\src\test\resources
2024-09-25 15:10:49,484 [Worker-35: Building] INFO  o.e.m.c.i.l.LifecycleMappingFactory - Using org.eclipse.m2e.jdt.JarLifecycleMapping lifecycle mapping for MavenProject: com.example:03_crud_libros-Base_Datos:0.0.1-SNAPSHOT @ C:\Users\marti\OneDrive\Escritorio\SprintBootCurso\03_crud_libros-Base_Datos\pom.xml.
2024-09-25 15:10:50,811 [Worker-35: Building] INFO  o.a.m.s.f.DefaultMavenResourcesFiltering - Copying 1 resource from src\main\resources to target\classes
2024-09-25 15:10:50,837 [Worker-35: Building] INFO  o.a.m.s.f.DefaultMavenResourcesFiltering - Copying 1 resource from src\main\resources to target\classes
2024-09-25 15:10:50,849 [Worker-35: Building] INFO  o.a.m.s.f.DefaultMavenResourcesFiltering - skip non existing resourceDirectory C:\Users\marti\OneDrive\Escritorio\SprintBootCurso\03_crud_libros-Base_Datos\src\test\resources
2024-09-25 15:10:51,264 [Worker-33: Building] INFO  o.a.m.s.f.DefaultMavenResourcesFiltering - Copying 1 resource from src\main\resources to target\classes
2024-09-25 15:10:51,268 [Worker-33: Building] INFO  o.a.m.s.f.DefaultMavenResourcesFiltering - Copying 1 resource from src\main\resources to target\classes
2024-09-25 15:10:51,278 [Worker-33: Building] INFO  o.a.m.s.f.DefaultMavenResourcesFiltering - skip non existing resourceDirectory C:\Users\marti\OneDrive\Escritorio\SprintBootCurso\03_crud_libros-Base_Datos\src\test\resources
2024-09-25 15:10:51,869 [Worker-42: Updating Maven Dependencies] INFO  o.e.m.c.i.l.LifecycleMappingFactory - Using org.eclipse.m2e.jdt.JarLifecycleMapping lifecycle mapping for MavenProject: com.example:01_crud_curso:0.0.1-SNAPSHOT @ C:\Users\marti\OneDrive\Escritorio\SprintBootCurso\01_crud_curso\pom.xml.
2024-09-25 15:12:28,198 [Worker-32: Launching Cursos - CursosApplication] INFO  o.a.m.s.f.DefaultMavenResourcesFiltering - Copying 1 resource from src\main\resources to target\classes
2024-09-25 15:12:28,210 [Worker-32: Launching Cursos - CursosApplication] INFO  o.a.m.s.f.DefaultMavenResourcesFiltering - Copying 0 resource from src\main\resources to target\classes
2024-09-25 15:12:28,218 [Worker-32: Launching Cursos - CursosApplication] INFO  o.a.m.s.f.DefaultMavenResourcesFiltering - skip non existing resourceDirectory C:\Users\marti\OneDrive\Escritorio\ejercicios\Cursos\src\test\resources
2024-09-25 15:14:05,955 [Worker-3: Building] INFO  o.a.m.s.f.DefaultMavenResourcesFiltering - Copying 1 resource from src\main\resources to target\classes
2024-09-25 15:14:05,961 [Worker-3: Building] INFO  o.a.m.s.f.DefaultMavenResourcesFiltering - Copying 0 resource from src\main\resources to target\classes
2024-09-25 15:14:05,967 [Worker-3: Building] INFO  o.a.m.s.f.DefaultMavenResourcesFiltering - skip non existing resourceDirectory C:\Users\marti\OneDrive\Escritorio\ejercicios\Cursos\src\test\resources
2024-09-25 16:23:23,040 [Worker-48: Launching Cursos - CursosApplication] INFO  o.a.m.s.f.DefaultMavenResourcesFiltering - Copying 1 resource from src\main\resources to target\classes
2024-09-25 16:23:23,072 [Worker-48: Launching Cursos - CursosApplication] INFO  o.a.m.s.f.DefaultMavenResourcesFiltering - Copying 0 resource from src\main\resources to target\classes
2024-09-25 16:23:23,079 [Worker-48: Launching Cursos - CursosApplication] INFO  o.a.m.s.f.DefaultMavenResourcesFiltering - skip non existing resourceDirectory C:\Users\marti\OneDrive\Escritorio\ejercicios\Cursos\src\test\resources
2024-09-25 16:28:05,515 [Worker-51: Launching Cursos - CursosApplication] INFO  o.a.m.s.f.DefaultMavenResourcesFiltering - Copying 1 resource from src\main\resources to target\classes
2024-09-25 16:28:05,524 [Worker-51: Launching Cursos - CursosApplication] INFO  o.a.m.s.f.DefaultMavenResourcesFiltering - Copying 0 resource from src\main\resources to target\classes
2024-09-25 16:28:05,529 [Worker-51: Launching Cursos - CursosApplication] INFO  o.a.m.s.f.DefaultMavenResourcesFiltering - skip non existing resourceDirectory C:\Users\marti\OneDrive\Escritorio\ejercicios\Cursos\src\test\resources
2024-09-25 16:30:40,357 [Worker-54: Launching Cursos - CursosApplication] INFO  o.a.m.s.f.DefaultMavenResourcesFiltering - Copying 1 resource from src\main\resources to target\classes
2024-09-25 16:30:40,363 [Worker-54: Launching Cursos - CursosApplication] INFO  o.a.m.s.f.DefaultMavenResourcesFiltering - Copying 0 resource from src\main\resources to target\classes
2024-09-25 16:30:40,370 [Worker-54: Launching Cursos - CursosApplication] INFO  o.a.m.s.f.DefaultMavenResourcesFiltering - skip non existing resourceDirectory C:\Users\marti\OneDrive\Escritorio\ejercicios\Cursos\src\test\resources
2024-09-25 16:32:24,704 [Worker-57: Launching Cursos - CursosApplication] INFO  o.a.m.s.f.DefaultMavenResourcesFiltering - Copying 1 resource from src\main\resources to target\classes
2024-09-25 16:32:24,712 [Worker-57: Launching Cursos - CursosApplication] INFO  o.a.m.s.f.DefaultMavenResourcesFiltering - Copying 0 resource from src\main\resources to target\classes
2024-09-25 16:32:24,718 [Worker-57: Launching Cursos - CursosApplication] INFO  o.a.m.s.f.DefaultMavenResourcesFiltering - skip non existing resourceDirectory C:\Users\marti\OneDrive\Escritorio\ejercicios\Cursos\src\test\resources
2024-09-25 16:33:27,018 [Worker-48: Building] INFO  o.a.m.s.f.DefaultMavenResourcesFiltering - Copying 1 resource from src\main\resources to target\classes
2024-09-25 16:33:27,025 [Worker-48: Building] INFO  o.a.m.s.f.DefaultMavenResourcesFiltering - Copying 0 resource from src\main\resources to target\classes
2024-09-25 16:33:27,031 [Worker-48: Building] INFO  o.a.m.s.f.DefaultMavenResourcesFiltering - skip non existing resourceDirectory C:\Users\marti\OneDrive\Escritorio\ejercicios\Cursos\src\test\resources
2024-09-25 17:43:58,945 [Worker-64: Launching Cursos - CursosApplication] INFO  o.a.m.s.f.DefaultMavenResourcesFiltering - Copying 1 resource from src\main\resources to target\classes
2024-09-25 17:43:58,965 [Worker-64: Launching Cursos - CursosApplication] INFO  o.a.m.s.f.DefaultMavenResourcesFiltering - Copying 0 resource from src\main\resources to target\classes
2024-09-25 17:43:58,972 [Worker-64: Launching Cursos - CursosApplication] INFO  o.a.m.s.f.DefaultMavenResourcesFiltering - skip non existing resourceDirectory C:\Users\marti\OneDrive\Escritorio\ejercicios\Cursos\src\test\resources
2024-09-25 17:55:50,792 [Worker-6: Loading available Gradle versions] INFO  o.e.b.c.i.u.g.PublishedGradleVersions - Gradle version information cache is up-to-date. Trying to read.
2024-09-25 18:07:12,615 [Worker-35: Launching Cursos - CursosApplication] INFO  o.a.m.s.f.DefaultMavenResourcesFiltering - Copying 1 resource from src\main\resources to target\classes
2024-09-25 18:07:12,642 [Worker-35: Launching Cursos - CursosApplication] INFO  o.a.m.s.f.DefaultMavenResourcesFiltering - Copying 0 resource from src\main\resources to target\classes
2024-09-25 18:07:12,652 [Worker-35: Launching Cursos - CursosApplication] INFO  o.a.m.s.f.DefaultMavenResourcesFiltering - skip non existing resourceDirectory C:\Users\marti\OneDrive\Escritorio\ejercicios\Cursos\src\test\resources
2024-09-25 18:18:54,409 [Worker-40: Launching Cursos - CursosApplication] INFO  o.a.m.s.f.DefaultMavenResourcesFiltering - Copying 1 resource from src\main\resources to target\classes
2024-09-25 18:18:54,422 [Worker-40: Launching Cursos - CursosApplication] INFO  o.a.m.s.f.DefaultMavenResourcesFiltering - Copying 0 resource from src\main\resources to target\classes
2024-09-25 18:18:54,431 [Worker-40: Launching Cursos - CursosApplication] INFO  o.a.m.s.f.DefaultMavenResourcesFiltering - skip non existing resourceDirectory C:\Users\marti\OneDrive\Escritorio\ejercicios\Cursos\src\test\resources
2024-09-25 19:39:51,283 [Worker-40: Building] INFO  o.a.m.s.f.DefaultMavenResourcesFiltering - Copying 1 resource from src\main\resources to target\classes
2024-09-25 19:39:51,347 [Worker-40: Building] INFO  o.a.m.s.f.DefaultMavenResourcesFiltering - Copying 0 resource from src\main\resources to target\classes
2024-09-25 19:39:51,356 [Worker-40: Building] INFO  o.a.m.s.f.DefaultMavenResourcesFiltering - skip non existing resourceDirectory C:\Users\marti\OneDrive\Escritorio\ejercicios\Cursos\src\test\resources
2024-09-27 19:16:05,253 [Worker-5: Loading available Gradle versions] INFO  o.e.b.c.i.u.g.PublishedGradleVersions - Gradle version information cache is out-of-date. Trying to update.
2024-09-27 19:17:39,535 [Worker-1: Launching Cursos - CursosApplication] INFO  o.a.m.s.f.DefaultMavenResourcesFiltering - Copying 1 resource from src\main\resources to target\classes
2024-09-27 19:17:39,560 [Worker-1: Launching Cursos - CursosApplication] INFO  o.a.m.s.f.DefaultMavenResourcesFiltering - Copying 0 resource from src\main\resources to target\classes
2024-09-27 19:17:39,569 [Worker-1: Launching Cursos - CursosApplication] INFO  o.a.m.s.f.DefaultMavenResourcesFiltering - skip non existing resourceDirectory C:\Users\marti\OneDrive\Escritorio\ejercicios\Cursos\src\test\resources
2024-09-27 20:45:32,530 [Worker-30: Launching Cursos - CursosApplication] INFO  o.a.m.s.f.DefaultMavenResourcesFiltering - Copying 1 resource from src\main\resources to target\classes
2024-09-27 20:45:32,542 [Worker-30: Launching Cursos - CursosApplication] INFO  o.a.m.s.f.DefaultMavenResourcesFiltering - Copying 0 resource from src\main\resources to target\classes
2024-09-27 20:45:32,557 [Worker-30: Launching Cursos - CursosApplication] INFO  o.a.m.s.f.DefaultMavenResourcesFiltering - skip non existing resourceDirectory C:\Users\marti\OneDrive\Escritorio\ejercicios\Cursos\src\test\resources
2024-09-27 20:54:15,044 [Worker-38: Launching Cursos - CursosApplication] INFO  o.a.m.s.f.DefaultMavenResourcesFiltering - Copying 1 resource from src\main\resources to target\classes
2024-09-27 20:54:15,054 [Worker-38: Launching Cursos - CursosApplication] INFO  o.a.m.s.f.DefaultMavenResourcesFiltering - Copying 0 resource from src\main\resources to target\classes
2024-09-27 20:54:15,064 [Worker-38: Launching Cursos - CursosApplication] INFO  o.a.m.s.f.DefaultMavenResourcesFiltering - skip non existing resourceDirectory C:\Users\marti\OneDrive\Escritorio\ejercicios\Cursos\src\test\resources
2024-09-27 20:54:51,116 [Worker-50: Launching Cursos - CursosApplication] INFO  o.a.m.s.f.DefaultMavenResourcesFiltering - Copying 1 resource from src\main\resources to target\classes
2024-09-27 20:54:51,143 [Worker-50: Launching Cursos - CursosApplication] INFO  o.a.m.s.f.DefaultMavenResourcesFiltering - Copying 0 resource from src\main\resources to target\classes
2024-09-27 20:54:51,154 [Worker-50: Launching Cursos - CursosApplication] INFO  o.a.m.s.f.DefaultMavenResourcesFiltering - skip non existing resourceDirectory C:\Users\marti\OneDrive\Escritorio\ejercicios\Cursos\src\test\resources
2024-09-27 21:00:04,642 [Worker-54: Launching Cursos - CursosApplication] INFO  o.a.m.s.f.DefaultMavenResourcesFiltering - Copying 1 resource from src\main\resources to target\classes
2024-09-27 21:00:04,650 [Worker-54: Launching Cursos - CursosApplication] INFO  o.a.m.s.f.DefaultMavenResourcesFiltering - Copying 0 resource from src\main\resources to target\classes
2024-09-27 21:00:04,658 [Worker-54: Launching Cursos - CursosApplication] INFO  o.a.m.s.f.DefaultMavenResourcesFiltering - skip non existing resourceDirectory C:\Users\marti\OneDrive\Escritorio\ejercicios\Cursos\src\test\resources
2024-09-27 21:01:27,513 [Worker-48: Launching Cursos - CursosApplication] INFO  o.a.m.s.f.DefaultMavenResourcesFiltering - Copying 1 resource from src\main\resources to target\classes
2024-09-27 21:01:27,521 [Worker-48: Launching Cursos - CursosApplication] INFO  o.a.m.s.f.DefaultMavenResourcesFiltering - Copying 0 resource from src\main\resources to target\classes
2024-09-27 21:01:27,531 [Worker-48: Launching Cursos - CursosApplication] INFO  o.a.m.s.f.DefaultMavenResourcesFiltering - skip non existing resourceDirectory C:\Users\marti\OneDrive\Escritorio\ejercicios\Cursos\src\test\resources
2024-09-27 21:03:19,212 [Worker-51: Launching Cursos - CursosApplication] INFO  o.a.m.s.f.DefaultMavenResourcesFiltering - Copying 1 resource from src\main\resources to target\classes
2024-09-27 21:03:19,237 [Worker-51: Launching Cursos - CursosApplication] INFO  o.a.m.s.f.DefaultMavenResourcesFiltering - Copying 0 resource from src\main\resources to target\classes
2024-09-27 21:03:19,244 [Worker-51: Launching Cursos - CursosApplication] INFO  o.a.m.s.f.DefaultMavenResourcesFiltering - skip non existing resourceDirectory C:\Users\marti\OneDrive\Escritorio\ejercicios\Cursos\src\test\resources
2024-09-27 21:51:56,299 [Worker-62: Launching Cursos - CursosApplication] INFO  o.a.m.s.f.DefaultMavenResourcesFiltering - Copying 1 resource from src\main\resources to target\classes
2024-09-27 21:51:56,312 [Worker-62: Launching Cursos - CursosApplication] INFO  o.a.m.s.f.DefaultMavenResourcesFiltering - Copying 0 resource from src\main\resources to target\classes
2024-09-27 21:51:56,319 [Worker-62: Launching Cursos - CursosApplication] INFO  o.a.m.s.f.DefaultMavenResourcesFiltering - skip non existing resourceDirectory C:\Users\marti\OneDrive\Escritorio\ejercicios\Cursos\src\test\resources
